{"/Users/pscanf/mondora/please.beer/webapp-stripe/app/lib/add-card.js":{"path":"/Users/pscanf/mondora/please.beer/webapp-stripe/app/lib/add-card.js","s":{"1":1,"2":1,"3":1,"4":3,"5":3,"6":1},"b":{},"f":{"1":3,"2":3,"3":1},"fnMap":{"1":{"name":"addCard","line":4,"loc":{"start":{"line":4,"column":17},"end":{"line":4,"column":46}}},"2":{"name":"(anonymous_2)","line":10,"loc":{"start":{"line":10,"column":14},"end":{"line":10,"column":26}}},"3":{"name":"(anonymous_3)","line":16,"loc":{"start":{"line":16,"column":15},"end":{"line":16,"column":30}}}},"statementMap":{"1":{"start":{"line":1,"column":0},"end":{"line":1,"column":35}},"2":{"start":{"line":2,"column":0},"end":{"line":2,"column":38}},"3":{"start":{"line":4,"column":0},"end":{"line":23,"column":2}},"4":{"start":{"line":5,"column":4},"end":{"line":22,"column":11}},"5":{"start":{"line":11,"column":12},"end":{"line":13,"column":15}},"6":{"start":{"line":21,"column":12},"end":{"line":21,"column":68}}},"branchMap":{}},"/Users/pscanf/mondora/please.beer/webapp-stripe/app/lib/delete-card.js":{"path":"/Users/pscanf/mondora/please.beer/webapp-stripe/app/lib/delete-card.js","s":{"1":1,"2":1,"3":1,"4":3,"5":3,"6":1},"b":{},"f":{"1":3,"2":3,"3":1},"fnMap":{"1":{"name":"deleteCard","line":4,"loc":{"start":{"line":4,"column":17},"end":{"line":4,"column":46}}},"2":{"name":"(anonymous_2)","line":10,"loc":{"start":{"line":10,"column":14},"end":{"line":10,"column":26}}},"3":{"name":"(anonymous_3)","line":14,"loc":{"start":{"line":14,"column":15},"end":{"line":14,"column":30}}}},"statementMap":{"1":{"start":{"line":1,"column":0},"end":{"line":1,"column":35}},"2":{"start":{"line":2,"column":0},"end":{"line":2,"column":38}},"3":{"start":{"line":4,"column":0},"end":{"line":21,"column":2}},"4":{"start":{"line":5,"column":4},"end":{"line":20,"column":11}},"5":{"start":{"line":11,"column":12},"end":{"line":11,"column":89}},"6":{"start":{"line":19,"column":12},"end":{"line":19,"column":70}}},"branchMap":{}},"/Users/pscanf/mondora/please.beer/webapp-stripe/app/lib/ensure-login.js":{"path":"/Users/pscanf/mondora/please.beer/webapp-stripe/app/lib/ensure-login.js","s":{"1":1,"2":1,"3":2,"4":1},"b":{"1":[1,1]},"f":{"1":2},"fnMap":{"1":{"name":"ensureLogin","line":3,"loc":{"start":{"line":3,"column":17},"end":{"line":3,"column":47}}}},"statementMap":{"1":{"start":{"line":1,"column":0},"end":{"line":1,"column":32}},"2":{"start":{"line":3,"column":0},"end":{"line":7,"column":2}},"3":{"start":{"line":4,"column":4},"end":{"line":6,"column":5}},"4":{"start":{"line":5,"column":8},"end":{"line":5,"column":51}}},"branchMap":{"1":{"line":4,"type":"if","locations":[{"start":{"line":4,"column":4},"end":{"line":4,"column":4}},{"start":{"line":4,"column":4},"end":{"line":4,"column":4}}]}}},"/Users/pscanf/mondora/please.beer/webapp-stripe/app/lib/stripe-customer-sync.js":{"path":"/Users/pscanf/mondora/please.beer/webapp-stripe/app/lib/stripe-customer-sync.js","s":{"1":1,"2":1,"3":1,"4":1,"5":4,"6":4,"7":3,"8":3,"9":3,"10":4},"b":{},"f":{"1":4,"2":4,"3":3,"4":4},"fnMap":{"1":{"name":"stripeCustomerSync","line":6,"loc":{"start":{"line":6,"column":17},"end":{"line":6,"column":48}}},"2":{"name":"(anonymous_2)","line":9,"loc":{"start":{"line":9,"column":14},"end":{"line":9,"column":26}}},"3":{"name":"(anonymous_3)","line":13,"loc":{"start":{"line":13,"column":14},"end":{"line":13,"column":40}}},"4":{"name":"(anonymous_4)","line":25,"loc":{"start":{"line":25,"column":15},"end":{"line":25,"column":30}}}},"statementMap":{"1":{"start":{"line":1,"column":0},"end":{"line":1,"column":35}},"2":{"start":{"line":2,"column":0},"end":{"line":2,"column":38}},"3":{"start":{"line":4,"column":0},"end":{"line":4,"column":51}},"4":{"start":{"line":6,"column":0},"end":{"line":35,"column":2}},"5":{"start":{"line":7,"column":4},"end":{"line":34,"column":11}},"6":{"start":{"line":10,"column":12},"end":{"line":10,"column":79}},"7":{"start":{"line":14,"column":12},"end":{"line":16,"column":14}},"8":{"start":{"line":17,"column":12},"end":{"line":21,"column":14}},"9":{"start":{"line":22,"column":12},"end":{"line":22,"column":78}},"10":{"start":{"line":33,"column":12},"end":{"line":33,"column":77}}},"branchMap":{}},"/Users/pscanf/mondora/please.beer/webapp-stripe/app/lib/get-collection.js":{"path":"/Users/pscanf/mondora/please.beer/webapp-stripe/app/lib/get-collection.js","s":{"1":1,"2":1,"3":3},"b":{},"f":{"1":3},"fnMap":{"1":{"name":"getCollection","line":3,"loc":{"start":{"line":3,"column":17},"end":{"line":3,"column":51}}}},"statementMap":{"1":{"start":{"line":1,"column":0},"end":{"line":1,"column":35}},"2":{"start":{"line":3,"column":0},"end":{"line":5,"column":2}},"3":{"start":{"line":4,"column":4},"end":{"line":4,"column":54}}},"branchMap":{}}}