TN:
SF:/Users/pscanf/mondora/please.beer/webapp-stripe/app/lib/add-card.js
FN:4,addCard
FN:10,(anonymous_2)
FN:16,(anonymous_3)
FNF:3
FNH:3
FNDA:3,addCard
FNDA:3,(anonymous_2)
FNDA:1,(anonymous_3)
DA:1,1
DA:2,1
DA:4,1
DA:5,3
DA:11,3
DA:21,1
LF:6
LH:6
BRF:0
BRH:0
end_of_record
TN:
SF:/Users/pscanf/mondora/please.beer/webapp-stripe/app/lib/delete-card.js
FN:4,deleteCard
FN:10,(anonymous_2)
FN:14,(anonymous_3)
FNF:3
FNH:3
FNDA:3,deleteCard
FNDA:3,(anonymous_2)
FNDA:1,(anonymous_3)
DA:1,1
DA:2,1
DA:4,1
DA:5,3
DA:11,3
DA:19,1
LF:6
LH:6
BRF:0
BRH:0
end_of_record
TN:
SF:/Users/pscanf/mondora/please.beer/webapp-stripe/app/lib/ensure-login.js
FN:3,ensureLogin
FNF:1
FNH:1
FNDA:2,ensureLogin
DA:1,1
DA:3,1
DA:4,2
DA:5,1
LF:4
LH:4
BRDA:4,1,0,1
BRDA:4,1,1,1
BRF:2
BRH:2
end_of_record
TN:
SF:/Users/pscanf/mondora/please.beer/webapp-stripe/app/lib/stripe-customer-sync.js
FN:6,stripeCustomerSync
FN:9,(anonymous_2)
FN:13,(anonymous_3)
FN:25,(anonymous_4)
FNF:4
FNH:4
FNDA:4,stripeCustomerSync
FNDA:4,(anonymous_2)
FNDA:3,(anonymous_3)
FNDA:4,(anonymous_4)
DA:1,1
DA:2,1
DA:4,1
DA:6,1
DA:7,4
DA:10,4
DA:14,3
DA:17,3
DA:22,3
DA:33,4
LF:10
LH:10
BRF:0
BRH:0
end_of_record
TN:
SF:/Users/pscanf/mondora/please.beer/webapp-stripe/app/lib/get-collection.js
FN:3,getCollection
FNF:1
FNH:1
FNDA:3,getCollection
DA:1,1
DA:3,1
DA:4,3
LF:3
LH:3
BRF:0
BRH:0
end_of_record
